Content-Type: multipart/alternative;
 boundary="===============3198736688541849743=="
MIME-Version: 1.0
Subject: Verification code
From: root@localhost
To: adawdawda@gmail.com
Date: Mon, 23 Sep 2019 20:51:56 -0000
Message-ID: <156927191627.24811.17942074337553231350@new-host-4>
X-Mailer: Django Verified Email Field
 (https://github.com/misli/django-verified-email-field)

--===============3198736688541849743==
Content-Type: text/plain; charset="utf-8"
MIME-Version: 1.0
Content-Transfer-Encoding: 7bit

Hello,

You have requested email verification. Your verification code is: 159956
Please note, that the code is only valid before: Sept. 23, 2019, 8:56 p.m.

--===============3198736688541849743==
Content-Type: text/html; charset="utf-8"
MIME-Version: 1.0
Content-Transfer-Encoding: 7bit

<p>Hello,<br/>
You have requested email verification. Your verification code is: <strong>159956</strong><br/>
Please note, that the code is only valid before: <strong>Sept. 23, 2019, 8:56 p.m.</strong></p>

--===============3198736688541849743==--

-------------------------------------------------------------------------------
