Content-Type: multipart/alternative;
 boundary="===============0114994397317541914=="
MIME-Version: 1.0
Subject: Verification code
From: root@localhost
To: wawdada@wda.com
Date: Mon, 23 Sep 2019 20:51:04 -0000
Message-ID: <156927186414.24811.6078708832860825432@new-host-4>
X-Mailer: Django Verified Email Field
 (https://github.com/misli/django-verified-email-field)

--===============0114994397317541914==
Content-Type: text/plain; charset="utf-8"
MIME-Version: 1.0
Content-Transfer-Encoding: 7bit

Hello,

You have requested email verification. Your verification code is: 363075
Please note, that the code is only valid before: Sept. 23, 2019, 8:56 p.m.

--===============0114994397317541914==
Content-Type: text/html; charset="utf-8"
MIME-Version: 1.0
Content-Transfer-Encoding: 7bit

<p>Hello,<br/>
You have requested email verification. Your verification code is: <strong>363075</strong><br/>
Please note, that the code is only valid before: <strong>Sept. 23, 2019, 8:56 p.m.</strong></p>

--===============0114994397317541914==--

-------------------------------------------------------------------------------
