Content-Type: multipart/alternative;
 boundary="===============3430210349665231117=="
MIME-Version: 1.0
Subject: Verification code
From: root@localhost
To: wda@wda.com
Date: Mon, 23 Sep 2019 20:50:20 -0000
Message-ID: <156927182017.24811.4993912739991621250@new-host-4>
X-Mailer: Django Verified Email Field
 (https://github.com/misli/django-verified-email-field)

--===============3430210349665231117==
Content-Type: text/plain; charset="utf-8"
MIME-Version: 1.0
Content-Transfer-Encoding: 7bit

Hello,

You have requested email verification. Your verification code is: 652579
Please note, that the code is only valid before: Sept. 23, 2019, 8:55 p.m.

--===============3430210349665231117==
Content-Type: text/html; charset="utf-8"
MIME-Version: 1.0
Content-Transfer-Encoding: 7bit

<p>Hello,<br/>
You have requested email verification. Your verification code is: <strong>652579</strong><br/>
Please note, that the code is only valid before: <strong>Sept. 23, 2019, 8:55 p.m.</strong></p>

--===============3430210349665231117==--

-------------------------------------------------------------------------------
