Content-Type: multipart/alternative;
 boundary="===============3063690505592875804=="
MIME-Version: 1.0
Subject: Verification code
From: root@localhost
To: vigetious@gmail.com
Date: Mon, 23 Sep 2019 20:55:45 -0000
Message-ID: <156927214504.24811.17019733446526554328@new-host-4>
X-Mailer: Django Verified Email Field
 (https://github.com/misli/django-verified-email-field)

--===============3063690505592875804==
Content-Type: text/plain; charset="utf-8"
MIME-Version: 1.0
Content-Transfer-Encoding: 7bit

Hello,

You have requested email verification. Your verification code is: 194902
Please note, that the code is only valid before: Sept. 23, 2019, 9 p.m.

--===============3063690505592875804==
Content-Type: text/html; charset="utf-8"
MIME-Version: 1.0
Content-Transfer-Encoding: 7bit

<p>Hello,<br/>
You have requested email verification. Your verification code is: <strong>194902</strong><br/>
Please note, that the code is only valid before: <strong>Sept. 23, 2019, 9 p.m.</strong></p>

--===============3063690505592875804==--

-------------------------------------------------------------------------------
